<?xml version="1.0" encoding="utf-8"?><testsuites name="pytest tests"><testsuite name="pytest" errors="0" failures="1" skipped="0" tests="507" time="9.050" timestamp="2026-09-13T18:55:21.390920+03:00" hostname="Hanan"><testcase classname="tests.test_api_auth" name="test_me_unauthenticated_returns_401" time="0.055" /><testcase classname="tests.test_api_auth" name="test_mock_login_then_me" time="0.127" /><testcase classname="tests.test_api_auth" name="test_mock_login_reuses_existing_user" time="0.055" /><testcase classname="tests.test_api_auth" name="test_mock_login_normalizes_email" time="0.051" /><testcase classname="tests.test_api_auth" name="test_logout_clears_session" time="0.060" /><testcase classname="tests.test_api_auth" name="test_mock_login_rejected_in_google_mode" time="0.047" /><testcase classname="tests.test_api_auth" name="test_google_login_rejected_in_mock_mode" time="0.052" /><testcase classname="tests.test_api_auth" name="test_google_login_redirects_to_google" time="0.047" /><testcase classname="tests.test_api_auth" name="test_google_callback_creates_user_and_sets_session" time="0.060" /><testcase classname="tests.test_api_auth" name="test_google_callback_reuses_existing_user" time="0.056" /><testcase classname="tests.test_api_auth" name="test_google_callback_rejects_state_mismatch" time="0.046" /><testcase classname="tests.test_api_auth" name="test_google_callback_rejects_missing_email" time="0.074" /><testcase classname="tests.test_api_notes" name="test_generate_note_requires_auth" time="0.057" /><testcase classname="tests.test_api_notes" name="test_generate_note_rejects_empty_body" time="0.074" /><testcase classname="tests.test_api_notes" name="test_generate_note_invokes_note_generator" time="0.065" /><testcase classname="tests.test_api_notes" name="test_generate_note_forwards_instructions" time="0.091" /><testcase classname="tests.test_api_notes" name="test_generate_note_forwards_empty_instructions" time="0.064" /><testcase classname="tests.test_api_notes" name="test_generate_note_propagates_generator_error" time="0.065" /><testcase classname="tests.test_api_notes" name="test_generate_note_unknown_story_not_needed" time="0.066" /><testcase classname="tests.test_api_notes" name="test_build_note_generator_formats_prompt_with_instructions" time="0.001" /><testcase classname="tests.test_api_notes" name="test_build_note_generator_omits_instructions_block_when_empty" time="0.001" /><testcase classname="tests.test_api_settings" name="test_get_settings_requires_auth" time="0.062" /><testcase classname="tests.test_api_settings" name="test_get_settings_returns_defaults_when_unset" time="0.069" /><testcase classname="tests.test_api_settings" name="test_update_generation_settings_requires_auth" time="0.062" /><testcase classname="tests.test_api_settings" name="test_update_generation_settings_persists" time="0.076" /><testcase classname="tests.test_api_settings" name="test_update_generation_settings_validates_bounds" time="0.073" /><testcase classname="tests.test_api_settings" name="test_analyze_and_save_persists_profile" time="0.106" /><testcase classname="tests.test_api_settings" name="test_analyze_requires_valid_body" time="0.076" /><testcase classname="tests.test_api_settings" name="test_clear_style_removes_profile" time="0.079" /><testcase classname="tests.test_api_settings" name="test_analyze_propagates_extractor_failure" time="0.073" /><testcase classname="tests.test_api_settings" name="test_build_style_extractor_resolves_style_model" time="0.001" /><testcase classname="tests.test_api_settings" name="test_build_style_extractor_requires_api_key" time="0.001" /><testcase classname="tests.test_api_stories" name="test_list_stories_requires_auth" time="0.058" /><testcase classname="tests.test_api_stories" name="test_create_story_kicks_off_job" time="0.087" /><testcase classname="tests.test_api_stories" name="test_list_stories_shows_only_owned" time="0.146" /><testcase classname="tests.test_api_stories" name="test_get_story_is_owner_scoped" time="0.164" /><testcase classname="tests.test_api_stories" name="test_update_story_title_and_markdown" time="0.088" /><testcase classname="tests.test_api_stories" name="test_update_unknown_story_404" time="0.067" /><testcase classname="tests.test_api_stories" name="test_job_status_is_owner_scoped" time="0.133" /><testcase classname="tests.test_api_stories" name="test_unknown_job_404" time="0.066" /><testcase classname="tests.test_api_stories" name="test_cancel_job_marks_cancelled" time="0.130" /><testcase classname="tests.test_api_stories" name="test_cancel_job_requires_auth" time="0.058" /><testcase classname="tests.test_api_stories" name="test_cancel_job_is_owner_scoped" time="0.163" /><testcase classname="tests.test_api_stories" name="test_cancel_unknown_job_404" time="0.065" /><testcase classname="tests.test_api_stories" name="test_edit_story_applies_prompt" time="0.097" /><testcase classname="tests.test_api_stories" name="test_edit_story_requires_valid_prompt" time="0.079" /><testcase classname="tests.test_api_stories" name="test_edit_unknown_story_404" time="0.067" /><testcase classname="tests.test_api_stories" name="test_edit_story_is_owner_scoped" time="0.139" /><testcase classname="tests.test_api_stories" name="test_delete_story_removes_it" time="0.086" /><testcase classname="tests.test_api_stories" name="test_delete_story_is_owner_scoped" time="0.175" /><testcase classname="tests.test_api_stories" name="test_delete_unknown_story_404" time="0.066" /><testcase classname="tests.test_api_stories" name="test_delete_story_requires_auth" time="0.058" /><testcase classname="tests.test_api_stories" name="test_create_story_passes_user_style_profile" time="0.070" /><testcase classname="tests.test_api_stories" name="test_create_story_passes_none_without_profile" time="0.066" /><testcase classname="tests.test_api_stories" name="test_create_story_passes_user_sampling_params" time="0.068" /><testcase classname="tests.test_api_stories" name="test_edit_story_uses_user_sampling_params" time="0.083" /><testcase classname="tests.test_api_stories" name="test_edit_story_uses_user_style_profile" time="0.084" /><testcase classname="tests.test_cli" name="test_version_flag" time="0.002" /><testcase classname="tests.test_cli" name="test_generate_requires_llm_key" time="0.001" /><testcase classname="tests.test_cli" name="test_generate_requires_tavily_key" time="0.001" /><testcase classname="tests.test_cli" name="test_no_command_prints_help_and_returns_zero" time="0.001" /><testcase classname="tests.test_cli" name="test_style_without_api_key_fails_fast" time="0.004" /><testcase classname="tests.test_cli" name="test_generate_writes_artifacts" time="0.078" /><testcase classname="tests.test_cli" name="test_write_outputs_uses_given_timestamp" time="0.006" /><testcase classname="tests.test_cli" name="test_generate_passes_angle_and_max_sources" time="0.040" /><testcase classname="tests.test_cli" name="test_generate_passes_instructions_flag" time="0.040" /><testcase classname="tests.test_cli" name="test_generate_reads_instructions_file" time="0.042" /><testcase classname="tests.test_cli" name="test_generate_rejects_both_instructions_sources" time="0.036" /><testcase classname="tests.test_cli" name="test_generate_rejects_missing_instructions_file" time="0.038" /><testcase classname="tests.test_cli" name="test_generate_rejects_directory_as_instructions_file" time="0.037" /><testcase classname="tests.test_cli" name="test_generate_rejects_non_utf8_instructions_file" time="0.037" /><testcase classname="tests.test_cli" name="test_generate_reads_bom_stripped_instructions_file" time="0.039" /><testcase classname="tests.test_cli" name="test_generate_rejects_oversized_instructions" time="0.038" /><testcase classname="tests.test_cli" name="test_generate_passes_loaded_profile" time="0.036" /><testcase classname="tests.test_cli" name="test_generate_verbose_emits_info_to_stderr" time="0.040" /><testcase classname="tests.test_cli" name="test_generate_without_verbose_suppresses_info" time="0.039" /><testcase classname="tests.test_config" name="test_defaults_when_file_absent" time="0.001" /><testcase classname="tests.test_config" name="test_loads_yaml_values" time="0.004" /><testcase classname="tests.test_config" name="test_settings_is_pydantic" time="0.000" /><testcase classname="tests.test_config" name="test_gather_defaults" time="0.000" /><testcase classname="tests.test_config" name="test_gather_search_days_default" time="0.000" /><testcase classname="tests.test_config" name="test_gather_search_days_overridable" time="0.000" /><testcase classname="tests.test_config" name="test_gather_search_days_rejects_out_of_bounds" time="0.000" /><testcase classname="tests.test_config" name="test_gather_max_sources_overridable" time="0.000" /><testcase classname="tests.test_config" name="test_retrieval_verify_writer_overridable" time="0.000" /><testcase classname="tests.test_config" name="test_writer_sampling_defaults" time="0.000" /><testcase classname="tests.test_config" name="test_writer_word_bounds_defaults" time="0.000" /><testcase classname="tests.test_config" name="test_writer_word_bounds_overridable" time="0.000" /><testcase classname="tests.test_config" name="test_writer_word_bounds_reject_unordered_range" time="0.000" /><testcase classname="tests.test_config" name="test_writer_sampling_overridable" time="0.001" /><testcase classname="tests.test_config" name="test_writer_sampling_rejects_out_of_bounds" time="0.001" /><testcase classname="tests.test_config" name="test_unknown_key_fails_fast" time="0.001" /><testcase classname="tests.test_config_web" name="test_web_defaults" time="0.001" /><testcase classname="tests.test_config_web" name="test_web_settings_load_from_yaml" time="0.003"><failure message="AssertionError: assert 'mock' == 'google'&#10;  &#10;  - google&#10;  + mock">def test_web_settings_load_from_yaml() -&gt; None:
        settings = load_settings("config/settings.yaml")
        assert settings.web.database_url == "sqlite:///./factful.db"
&gt;       assert settings.web.auth_mode == "google"
E       AssertionError: assert 'mock' == 'google'
E         
E         - google
E         + mock

tests\test_config_web.py:19: AssertionError</failure></testcase><testcase classname="tests.test_config_web" name="test_web_env_overrides_defaults" time="0.001" /><testcase classname="tests.test_config_web" name="test_web_env_partial_override_keeps_defaults" time="0.000" /><testcase classname="tests.test_config_web" name="test_web_env_overrides_yaml_settings" time="0.003" /><testcase classname="tests.test_config_web" name="test_web_rejects_invalid_auth_mode" time="0.000" /><testcase classname="tests.test_config_web" name="test_web_rejects_blank_session_secret" time="0.001" /><testcase classname="tests.test_corroborate" name="test_extract_numbers_plain" time="0.000" /><testcase classname="tests.test_corroborate" name="test_extract_numbers_thousands_separator" time="0.000" /><testcase classname="tests.test_corroborate" name="test_normalize_key_stat" time="0.000" /><testcase classname="tests.test_corroborate" name="test_normalize_key_stat_canonicalizes_spellings" time="0.000" /><testcase classname="tests.test_corroborate" name="test_normalize_key_stat_none_when_no_number" time="0.000" /><testcase classname="tests.test_corroborate" name="test_corroborating_sources_matching_stat" time="0.000" /><testcase classname="tests.test_corroborate" name="test_corroborating_sources_self_excluded" time="0.000" /><testcase classname="tests.test_corroborate" name="test_corroborating_sources_ignores_other_units" time="0.000" /><testcase classname="tests.test_corroborate" name="test_corroborating_sources_require_independent_urls" time="0.000" /><testcase classname="tests.test_corroborate" name="test_corroborating_sources_dedupe_same_url" time="0.000" /><testcase classname="tests.test_corroborate" name="test_contradicting_sources_denote_disagreement" time="0.000" /><testcase classname="tests.test_corroborate" name="test_contradicting_sources_ignore_different_units" time="0.000" /><testcase classname="tests.test_critic" name="test_reading_grade_simple_text_is_easier" time="0.001" /><testcase classname="tests.test_critic" name="test_reading_grade_empty_text_is_zero" time="0.001" /><testcase classname="tests.test_critic" name="test_reading_grade_in_sane_range" time="0.000" /><testcase classname="tests.test_critic" name="test_word_count_counts_words_and_numbers" time="0.000" /><testcase classname="tests.test_critic" name="test_word_count_empty_text_is_zero" time="0.000" /><testcase classname="tests.test_critic" name="test_build_critic_prompt_embeds_draft_and_grade" time="0.002" /><testcase classname="tests.test_critic" name="test_build_critic_prompt_embeds_word_count_and_bounds" time="0.001" /><testcase classname="tests.test_critic" name="test_build_critic_prompt_includes_macro_arc_check" time="0.001" /><testcase classname="tests.test_critic" name="test_structure_gate_clean_facts_first_draft_unchanged" time="0.000" /><testcase classname="tests.test_critic" name="test_structure_gate_skips_short_drafts" time="0.000" /><testcase classname="tests.test_critic" name="test_structure_gate_flags_claim_in_clincher" time="0.000" /><testcase classname="tests.test_critic" name="test_structure_gate_flags_late_facts" time="0.000" /><testcase classname="tests.test_critic" name="test_structure_gate_flags_opinion_before_facts" time="0.000" /><testcase classname="tests.test_critic" name="test_structure_gate_replaces_llm_structure_issues" time="0.000" /><testcase classname="tests.test_critic" name="test_critique_injects_structure_feedback" time="0.001" /><testcase classname="tests.test_critic" name="test_critique_returns_report" time="0.004" /><testcase classname="tests.test_critic" name="test_enforce_length_feedback_below_floor_orders_expansion" time="0.001" /><testcase classname="tests.test_critic" name="test_enforce_length_feedback_above_ceiling_orders_trim" time="0.001" /><testcase classname="tests.test_critic" name="test_enforce_length_feedback_within_range_unchanged" time="0.000" /><testcase classname="tests.test_critic" name="test_critique_replaces_hallucinated_trim_advice_on_short_draft" time="0.001" /><testcase classname="tests.test_db" name="test_engine_config_default_sqlite_passthrough" time="0.000" /><testcase classname="tests.test_db" name="test_engine_config_turso_remote" time="0.000" /><testcase classname="tests.test_db" name="test_engine_config_turso_already_prefixed" time="0.000" /><testcase classname="tests.test_db" name="test_engine_config_turso_requires_token" time="0.001" /><testcase classname="tests.test_db" name="test_build_engine_sqlite_memory_uses_static_pool" time="0.001" /><testcase classname="tests.test_db" name="test_init_db_creates_tables" time="0.002" /><testcase classname="tests.test_db" name="test_init_db_applies_migrations_to_file_db" time="0.077" /><testcase classname="tests.test_db" name="test_init_db_file_backed_is_idempotent" time="0.077" /><testcase classname="tests.test_db" name="test_session_factory_roundtrip" time="0.006" /><testcase classname="tests.test_editing" name="test_build_editor_strips_claim_tags_from_result" time="0.001" /><testcase classname="tests.test_editing" name="test_build_editor_passes_client_and_profile" time="0.001" /><testcase classname="tests.test_editing" name="test_build_editor_falls_back_to_neutral_profile" time="0.001" /><testcase classname="tests.test_editing" name="test_build_editor_forwards_sampling_params" time="0.001" /><testcase classname="tests.test_factcheck" name="test_checks_only_referenced_claims" time="0.001" /><testcase classname="tests.test_factcheck" name="test_missing_claim_in_bundle_is_unsupported" time="0.000" /><testcase classname="tests.test_factcheck" name="test_fetch_failure_is_unsupported" time="0.001" /><testcase classname="tests.test_factcheck" name="test_no_retrievable_passage_is_unsupported" time="0.000" /><testcase classname="tests.test_factcheck" name="test_judge_unsupported_cannot_be_verified" time="0.001" /><testcase classname="tests.test_factcheck" name="test_source_conflict_is_contradicted" time="0.001" /><testcase classname="tests.test_factcheck" name="test_contradiction_wins_over_corroboration" time="0.001" /><testcase classname="tests.test_factcheck" name="test_multiple_claims_mixed_statuses" time="0.001" /><testcase classname="tests.test_factcheck" name="test_supported_with_corroboration_is_verified" time="0.001" /><testcase classname="tests.test_factcheck" name="test_supported_single_source_unverified" time="0.001" /><testcase classname="tests.test_factcheck" name="test_flags_include_stale_source" time="0.001" /><testcase classname="tests.test_fetch" name="test_html_to_text_strips_tags_and_keeps_paragraphs" time="0.001" /><testcase classname="tests.test_fetch" name="test_html_to_text_separates_table_cells" time="0.000" /><testcase classname="tests.test_fetch" name="test_html_to_text_tolerates_unclosed_script" time="0.001" /><testcase classname="tests.test_fetch" name="test_extract_page_metadata" time="0.001" /><testcase classname="tests.test_fetch" name="test_fetch_returns_page" time="0.001" /><testcase classname="tests.test_fetch" name="test_fetch_missing_page_returns_none" time="0.001" /><testcase classname="tests.test_fetch" name="test_fetch_transport_error_returns_none" time="0.001" /><testcase classname="tests.test_gates" name="test_percentage_over_100_flagged" time="0.000" /><testcase classname="tests.test_gates" name="test_sane_percentage_not_flagged" time="0.000" /><testcase classname="tests.test_gates" name="test_fresh_source_not_flagged_stale" time="0.000" /><testcase classname="tests.test_gates" name="test_stale_source_flagged" time="0.000" /><testcase classname="tests.test_gates" name="test_percent_point_confusion_flagged" time="0.000" /><testcase classname="tests.test_gates" name="test_unparseable_date_skipped" time="0.000" /><testcase classname="tests.test_gates" name="test_parse_date_iso" time="0.000" /><testcase classname="tests.test_gates" name="test_parse_date_rfc3339_offset" time="0.001" /><testcase classname="tests.test_gates" name="test_parse_date_utc_zulu" time="0.000" /><testcase classname="tests.test_gates" name="test_rfc3339_offset_stale_detected" time="0.000" /><testcase classname="tests.test_gates" name="test_parse_date_none_for_garbage" time="0.000" /><testcase classname="tests.test_gather" name="test_expand_queries_prompt_reflects_topic_and_angle" time="0.001" /><testcase classname="tests.test_gather" name="test_expand_prompt_injects_today_date" time="0.001" /><testcase classname="tests.test_gather" name="test_expand_prompt_defaults_to_current_date" time="0.001" /><testcase classname="tests.test_gather" name="test_expand_prompt_biases_queries_toward_recent_sources" time="0.001" /><testcase classname="tests.test_gather" name="test_mine_prompt_injects_page_text" time="0.001" /><testcase classname="tests.test_gather" name="test_mine_prompt_truncates_oversized_page_text" time="0.001" /><testcase classname="tests.test_gather" name="test_truncate_text_returns_short_text_unchanged" time="0.000" /><testcase classname="tests.test_gather" name="test_truncate_text_cuts_at_sentence_boundary" time="0.000" /><testcase classname="tests.test_gather" name="test_truncate_text_falls_back_to_hard_cut" time="0.000" /><testcase classname="tests.test_gather" name="test_dedupe_by_url_keeps_first_and_filters_duplicates" time="0.000" /><testcase classname="tests.test_gather" name="test_dedupe_by_url_ignores_trailing_slash_and_fragment" time="0.001" /><testcase classname="tests.test_gather" name="test_dedupe_by_url_folds_scheme_and_www" time="0.000" /><testcase classname="tests.test_gather" name="test_find_passage_para_looks_up_quote" time="0.000" /><testcase classname="tests.test_gather" name="test_find_passage_para_missing_quote_is_para_0" time="0.000" /><testcase classname="tests.test_gather" name="test_gather_produces_source_bundle" time="0.002" /><testcase classname="tests.test_gather" name="test_gather_wires_citation_fields" time="0.002" /><testcase classname="tests.test_gather" name="test_gather_skips_unfetchable_pages" time="0.002" /><testcase classname="tests.test_gather" name="test_gather_searches_each_expanded_query" time="0.002" /><testcase classname="tests.test_gather" name="test_gather_forwards_today_to_expansion_prompt" time="0.002" /><testcase classname="tests.test_gather" name="test_gather_deduplicates_expanded_queries" time="0.003" /><testcase classname="tests.test_gather" name="test_gather_honors_max_sources_from_settings" time="0.002" /><testcase classname="tests.test_gather" name="test_gather_raises_when_no_pages_fetchable" time="0.001" /><testcase classname="tests.test_gather" name="test_gather_skips_empty_text_page" time="0.001" /><testcase classname="tests.test_gather" name="test_relevance_prompt_reflects_topic_angle_and_claims" time="0.003" /><testcase classname="tests.test_gather" name="test_relevance_prompt_injects_today_date" time="0.002" /><testcase classname="tests.test_gather" name="test_relevance_prompt_lists_each_candidate_once_with_metadata" time="0.002" /><testcase classname="tests.test_gather" name="test_filter_relevant_keeps_only_selected_claim_ids" time="0.002" /><testcase classname="tests.test_gather" name="test_filter_relevant_preserves_original_claim_order" time="0.002" /><testcase classname="tests.test_gather" name="test_filter_relevant_returns_empty_input_without_calling_llm" time="0.000" /><testcase classname="tests.test_gather" name="test_gather_drops_claims_rejected_by_relevance_filter" time="0.002" /><testcase classname="tests.test_gather" name="test_gather_falls_back_to_unfiltered_claims_when_relevance_filter_keeps_nothing" time="0.002" /><testcase classname="tests.test_gather" name="test_gather_with_user_urls_produces_citations" time="0.002" /><testcase classname="tests.test_gather" name="test_gather_user_urls_appear_before_search_results" time="0.002" /><testcase classname="tests.test_gather" name="test_gather_user_urls_skip_unfetchable" time="0.001" /><testcase classname="tests.test_gather" name="test_gather_user_urls_dedup_with_search" time="0.001" /><testcase classname="tests.test_gather" name="test_gather_user_urls_www_normalized_dedup" time="0.002" /><testcase classname="tests.test_gather" name="test_gather_no_user_urls_is_noop" time="0.003" /><testcase classname="tests.test_gather" name="test_gather_honors_max_sources_with_user_urls" time="0.001" /><testcase classname="tests.test_gather" name="test_gather_does_not_starve_search_when_user_url_yields_many_claims" time="0.002" /><testcase classname="tests.test_gather" name="test_gather_stores_user_source_pages_in_bundle" time="0.002" /><testcase classname="tests.test_gather" name="test_gather_no_user_urls_produces_empty_user_pages" time="0.003" /><testcase classname="tests.test_generation.TestExtractTitle" name="test_first_heading_wins" time="0.000" /><testcase classname="tests.test_generation.TestExtractTitle" name="test_setext_heading_wins" time="0.000" /><testcase classname="tests.test_generation.TestExtractTitle" name="test_fallback_when_no_heading" time="0.000" /><testcase classname="tests.test_generation.TestRunGeneration" name="test_persists_story_and_updates_job" time="0.090" /><testcase classname="tests.test_generation.TestRunGeneration" name="test_forwards_sampling_params_to_pipeline" time="0.083" /><testcase classname="tests.test_generation.TestRunGeneration" name="test_error_propagates_and_persists_no_story" time="0.075" /><testcase classname="tests.test_generation.TestRunGeneration" name="test_cancelled_at_stage_boundary_persists_no_story" time="0.077" /><testcase classname="tests.test_generation.TestRunGeneration" name="test_uses_user_style_profile_when_set" time="0.083" /><testcase classname="tests.test_generation.TestRunGeneration" name="test_falls_back_to_neutral_profile_when_unset" time="0.159" /><testcase classname="tests.test_jobstore" name="test_create_returns_unique_queued_records" time="0.001" /><testcase classname="tests.test_jobstore" name="test_get_returns_record_and_missing_is_none" time="0.000" /><testcase classname="tests.test_jobstore" name="test_submit_runs_worker" time="0.012" /><testcase classname="tests.test_jobstore" name="test_submit_captures_errors" time="0.001" /><testcase classname="tests.test_jobstore" name="test_set_story_id_marks_done" time="0.000" /><testcase classname="tests.test_jobstore" name="test_cancel_marks_record_cancelled" time="0.001" /><testcase classname="tests.test_jobstore" name="test_cancel_is_noop_after_completion" time="0.001" /><testcase classname="tests.test_jobstore" name="test_cancelled_record_ignores_story_completion" time="0.001" /><testcase classname="tests.test_jobstore" name="test_progress_starts_none" time="0.001" /><testcase classname="tests.test_jobstore" name="test_set_progress_records_value" time="0.001" /><testcase classname="tests.test_jobstore" name="test_set_progress_clamps_low" time="0.001" /><testcase classname="tests.test_jobstore" name="test_set_progress_clamps_high_prior_to_done" time="0.001" /><testcase classname="tests.test_jobstore" name="test_set_story_id_jumps_progress_to_100" time="0.001" /><testcase classname="tests.test_judge" name="test_judge_prompt_embeds_claim_and_passage" time="0.001" /><testcase classname="tests.test_judge" name="test_judge_claim_passes_citation_to_prompt" time="0.001" /><testcase classname="tests.test_judge" name="test_judge_passes_through_unsupported" time="0.001" /><testcase classname="tests.test_llm" name="test_route_writer" time="0.001" /><testcase classname="tests.test_llm" name="test_missing_env_raises" time="0.001" /><testcase classname="tests.test_llm" name="test_api_key_from_injected_env" time="0.001" /><testcase classname="tests.test_llm" name="test_unknown_agent_raises" time="0.001" /><testcase classname="tests.test_llm" name="test_no_os_env_fallback" time="0.001" /><testcase classname="tests.test_llm_client" name="test_chat_completion_returns_validated_model" time="0.001" /><testcase classname="tests.test_llm_client" name="test_builds_expected_request_body" time="0.001" /><testcase classname="tests.test_llm_client" name="test_includes_sampling_params_when_set" time="0.001" /><testcase classname="tests.test_llm_client" name="test_uses_full_endpoint_when_base_url_lacks_path" time="0.001" /><testcase classname="tests.test_llm_client" name="test_parses_markdown_fenced_json" time="0.001" /><testcase classname="tests.test_llm_client" name="test_malformed_json_raises" time="0.001" /><testcase classname="tests.test_llm_client" name="test_retries_then_succeeds_on_empty_body" time="0.001" /><testcase classname="tests.test_llm_client" name="test_empty_body_raises_clear_error_after_retries" time="0.001" /><testcase classname="tests.test_llm_client" name="test_retries_on_read_timeout_then_succeeds" time="0.001" /><testcase classname="tests.test_llm_client" name="test_persistent_transport_error_raises_after_retries" time="0.001" /><testcase classname="tests.test_llm_client" name="test_retries_back_off_with_exponential_delay" time="0.001" /><testcase classname="tests.test_llm_client" name="test_retries_back_off_from_configured_base_and_cap" time="0.001" /><testcase classname="tests.test_llm_client" name="test_retries_when_model_echoes_schema" time="0.001" /><testcase classname="tests.test_llm_client" name="test_http_error_propagates" time="0.002" /><testcase classname="tests.test_llm_client" name="test_client_error_reports_provider_body" time="0.001" /><testcase classname="tests.test_llm_client" name="test_logs_timeout_retry_then_succeeds" time="0.008" /><testcase classname="tests.test_llm_client" name="test_logs_timeout_failure_after_retries_exhausted" time="0.008" /><testcase classname="tests.test_llm_client" name="test_logs_5xx_failure_retry" time="0.003" /><testcase classname="tests.test_llm_client" name="test_logs_4xx_rejection" time="0.002" /><testcase classname="tests.test_llm_client" name="test_logs_unusable_response_retry" time="0.003" /><testcase classname="tests.test_llm_client" name="test_logs_schema_validation_error_details_on_retry" time="0.004" /><testcase classname="tests.test_llm_client" name="test_logs_schema_validation_error_details_when_exhausted" time="0.006" /><testcase classname="tests.test_models" name="test_user_email_is_unique" time="0.004" /><testcase classname="tests.test_models" name="test_user_google_sub_is_unique" time="0.003" /><testcase classname="tests.test_models" name="test_story_requires_user" time="0.003" /><testcase classname="tests.test_models" name="test_user_style_profile_roundtrip" time="0.013" /><testcase classname="tests.test_models" name="test_user_style_profile_defaults_to_none" time="0.001" /><testcase classname="tests.test_models" name="test_updated_at_changes_on_update" time="0.007" /><testcase classname="tests.test_models" name="test_owned_stories_query" time="0.004" /><testcase classname="tests.test_passages_bm25" name="test_split_passages_splits_on_sentence_end" time="0.000" /><testcase classname="tests.test_passages_bm25" name="test_split_passages_keeps_decimals_intact" time="0.000" /><testcase classname="tests.test_passages_bm25" name="test_split_passages_collapses_whitespace" time="0.000" /><testcase classname="tests.test_passages_bm25" name="test_split_passages_empty_text" time="0.000" /><testcase classname="tests.test_passages_bm25" name="test_tokenize_lowercases_and_splits" time="0.000" /><testcase classname="tests.test_passages_bm25" name="test_bm25_deterministic_scores" time="0.000" /><testcase classname="tests.test_passages_bm25" name="test_bm25_retrieves_best_passage_first" time="0.000" /><testcase classname="tests.test_passages_bm25" name="test_bm25_respects_top_k" time="0.000" /><testcase classname="tests.test_passages_bm25" name="test_bm25_no_overlap_returns_empty" time="0.000" /><testcase classname="tests.test_passages_bm25" name="test_bm25_empty_corpus_returns_empty" time="0.000" /><testcase classname="tests.test_passages_bm25" name="test_index_passages_helper" time="0.000" /><testcase classname="tests.test_pipeline" name="test_converge_publishes_on_hard_gate" time="0.001" /><testcase classname="tests.test_pipeline" name="test_converge_patches_when_below_gate" time="0.000" /><testcase classname="tests.test_pipeline" name="test_converge_stops_on_oscillation" time="0.000" /><testcase classname="tests.test_pipeline" name="test_converge_stops_on_diminishing_returns" time="0.000" /><testcase classname="tests.test_pipeline" name="test_converge_continues_while_improving" time="0.000" /><testcase classname="tests.test_pipeline" name="test_converge_stops_at_max_passes_cap" time="0.000" /><testcase classname="tests.test_pipeline" name="test_converge_hard_gate_beats_cap" time="0.000" /><testcase classname="tests.test_pipeline" name="test_converge_never_publishes_below_word_floor" time="0.000" /><testcase classname="tests.test_pipeline" name="test_converge_never_publishes_above_word_ceiling" time="0.000" /><testcase classname="tests.test_pipeline" name="test_converge_below_floor_overrides_stop_guards" time="0.000" /><testcase classname="tests.test_pipeline" name="test_run_pipeline_single_pass_publishes" time="0.015" /><testcase classname="tests.test_pipeline" name="test_run_pipeline_forwards_today_to_gather_and_writer_prompts" time="0.010" /><testcase classname="tests.test_pipeline" name="test_run_pipeline_forwards_sampling_params_to_writer" time="0.009" /><testcase classname="tests.test_pipeline" name="test_run_pipeline_defaults_writer_sampling_from_settings" time="0.010" /><testcase classname="tests.test_pipeline" name="test_run_pipeline_logs_progress" time="0.015" /><testcase classname="tests.test_pipeline" name="test_run_pipeline_patches_until_hard_gate" time="0.018" /><testcase classname="tests.test_pipeline" name="test_run_pipeline_passes_instructions_to_writer_every_pass" time="0.013" /><testcase classname="tests.test_pipeline" name="test_run_pipeline_regenerate_mode_rewrites_each_pass" time="0.013" /><testcase classname="tests.test_pipeline" name="test_run_pipeline_stops_at_max_passes_cap" time="0.017" /><testcase classname="tests.test_pipeline" name="test_run_pipeline_reports_progress_stages" time="0.009" /><testcase classname="tests.test_pipeline" name="test_run_pipeline_progress_fires_per_pass" time="0.013" /><testcase classname="tests.test_pipeline" name="test_run_pipeline_keeps_best_draft_on_oscillation" time="0.018" /><testcase classname="tests.test_pipeline" name="test_run_pipeline_reports_unresolved_critical_claims" time="0.013" /><testcase classname="tests.test_pipeline" name="test_run_pipeline_raises_when_gather_yields_nothing" time="0.005" /><testcase classname="tests.test_pipeline" name="test_run_pipeline_refuses_to_publish_below_floor_and_keeps_patching" time="0.015" /><testcase classname="tests.test_pipeline" name="test_run_pipeline_stops_with_best_draft_when_floor_never_met" time="0.010" /><testcase classname="tests.test_pipeline" name="test_run_pipeline_extracts_urls_from_topic" time="0.009" /><testcase classname="tests.test_pipeline" name="test_run_pipeline_extracts_urls_from_instructions" time="0.009" /><testcase classname="tests.test_pipeline" name="test_run_pipeline_urls_still_passes_instructions_to_writer" time="0.013" /><testcase classname="tests.test_pipeline" name="test_run_pipeline_no_urls_unchanged" time="0.009" /><testcase classname="tests.test_progress" name="test_total_steps_is_gather_plus_stages_per_pass" time="0.000" /><testcase classname="tests.test_progress" name="test_percent_for_is_monotonic_and_capped_at_95" time="0.000" /><testcase classname="tests.test_progress" name="test_percent_for_spans_from_low_to_95" time="0.000" /><testcase classname="tests.test_progress" name="test_tracker_emits_percent_per_mark" time="0.001" /><testcase classname="tests.test_progress" name="test_tracker_never_exceeds_95_when_overrun" time="0.000" /><testcase classname="tests.test_schemas" name="test_citation_parses" time="0.000" /><testcase classname="tests.test_schemas" name="test_citation_requires_claim_id" time="0.001" /><testcase classname="tests.test_schemas" name="test_source_bundle_holds_citations" time="0.000" /><testcase classname="tests.test_schemas" name="test_issue_and_critique_report" time="0.000" /><testcase classname="tests.test_schemas" name="test_critique_score_bounds" time="0.000" /><testcase classname="tests.test_schemas" name="test_critique_verdict_enum" time="0.000" /><testcase classname="tests.test_schemas" name="test_attribution_verdict_status_enum" time="0.000" /><testcase classname="tests.test_schemas" name="test_draft_requires_content" time="0.000" /><testcase classname="tests.test_schemas" name="test_fact_verdict_parses" time="0.000" /><testcase classname="tests.test_search" name="test_search_returns_parsed_results" time="0.001" /><testcase classname="tests.test_search" name="test_search_posts_expected_body" time="0.001" /><testcase classname="tests.test_search" name="test_search_posts_days_when_configured" time="0.001" /><testcase classname="tests.test_search" name="test_search_omits_days_by_default" time="0.001" /><testcase classname="tests.test_search" name="test_search_handles_null_results" time="0.001" /><testcase classname="tests.test_search" name="test_http_error_propagates" time="0.001" /><testcase classname="tests.test_search" name="test_logs_timeout_failure" time="0.004" /><testcase classname="tests.test_search" name="test_logs_http_error_failure" time="0.002" /><testcase classname="tests.test_spa" name="test_serves_index_at_root" time="0.098" /><testcase classname="tests.test_spa" name="test_spa_fallback_serves_index_for_client_routes" time="0.074" /><testcase classname="tests.test_spa" name="test_serves_asset_files" time="0.071" /><testcase classname="tests.test_spa" name="test_serves_root_level_static_files" time="0.066" /><testcase classname="tests.test_spa" name="test_api_routes_not_shadowed" time="0.063" /><testcase classname="tests.test_spa" name="test_path_traversal_cannot_escape_dist" time="0.076" /><testcase classname="tests.test_spa" name="test_missing_dist_means_no_spa_routes" time="0.070" /><testcase classname="tests.test_state" name="test_initial_state" time="0.001" /><testcase classname="tests.test_state" name="test_verdicts_track_critical_failures" time="0.001" /><testcase classname="tests.test_state" name="test_record_pass_snapshots_into_history" time="0.000" /><testcase classname="tests.test_state" name="test_advance_pass_clears_per_pass_accumulators" time="0.000" /><testcase classname="tests.test_state" name="test_critical_failures_only_count_current_pass" time="0.000" /><testcase classname="tests.test_state" name="test_citations_are_copied_not_shared" time="0.000" /><testcase classname="tests.test_style_analyzer" name="test_merge_profile_combines_metrics_and_extraction" time="0.001" /><testcase classname="tests.test_style_analyzer" name="test_merge_profile_preserves_device_examples" time="0.000" /><testcase classname="tests.test_style_analyzer" name="test_extract_style_with_fake_client" time="0.002" /><testcase classname="tests.test_style_analyzer" name="test_extract_style_empty_samples_raises" time="0.001" /><testcase classname="tests.test_style_analyzer" name="test_extract_style_propagates_client_errors" time="0.002" /><testcase classname="tests.test_style_analyzer" name="test_sanitize_drops_topic_bound_story_beats" time="0.001" /><testcase classname="tests.test_style_analyzer" name="test_sanitize_drops_topic_bound_hook_patterns" time="0.001" /><testcase classname="tests.test_style_analyzer" name="test_sanitize_keeps_generic_transitions_and_beats" time="0.001" /><testcase classname="tests.test_style_analyzer" name="test_sanitize_drops_low_count_device_examples" time="0.000" /><testcase classname="tests.test_style_analyzer" name="test_sanitize_drops_empty_and_duplicate_entries" time="0.001" /><testcase classname="tests.test_style_analyzer" name="test_sanitize_preserves_valid_extraction_unchanged" time="0.001" /><testcase classname="tests.test_style_analyzer" name="test_compute_confidence_full_profile_is_one" time="0.001" /><testcase classname="tests.test_style_analyzer" name="test_compute_confidence_penalizes_topic_leaks" time="0.000" /><testcase classname="tests.test_style_analyzer" name="test_compute_confidence_penalizes_empty_fields" time="0.001" /><testcase classname="tests.test_style_analyzer" name="test_merge_profile_applies_sanitization_and_confidence" time="0.000" /><testcase classname="tests.test_style_analyzer" name="test_merge_profile_preserves_high_quality_confidence" time="0.000" /><testcase classname="tests.test_style_deterministic" name="test_metrics_average_sentence_and_paragraph" time="0.001" /><testcase classname="tests.test_style_deterministic" name="test_bullets_do_not_inflate_word_count" time="0.001" /><testcase classname="tests.test_style_deterministic" name="test_paragraph_length_distribution" time="0.001" /><testcase classname="tests.test_style_deterministic" name="test_transitions_deterministic_order" time="0.001" /><testcase classname="tests.test_style_deterministic" name="test_sections_from_headings" time="0.000" /><testcase classname="tests.test_style_deterministic" name="test_openers_detect_question" time="0.000" /><testcase classname="tests.test_style_deterministic" name="test_opener_distribution_counts_opener_types" time="0.001" /><testcase classname="tests.test_style_deterministic" name="test_numeric_density_counts_numbered_sentences" time="0.001" /><testcase classname="tests.test_style_deterministic" name="test_paragraph_ending_in_colon_still_counts" time="0.001" /><testcase classname="tests.test_style_deterministic" name="test_empty_or_heading_only_input_is_safe" time="0.001" /><testcase classname="tests.test_style_io" name="test_profile_yaml_round_trip" time="0.006" /><testcase classname="tests.test_style_io" name="test_load_profile_rejects_non_dict" time="0.004" /><testcase classname="tests.test_style_neutral" name="test_neutral_profile_is_a_valid_style_profile" time="0.001" /><testcase classname="tests.test_style_neutral" name="test_neutral_profile_imposes_no_voice" time="0.001" /><testcase classname="tests.test_style_neutral" name="test_neutral_profile_has_sane_paragraph_metrics" time="0.001" /><testcase classname="tests.test_style_neutral" name="test_neutral_profile_allows_custom_name" time="0.001" /><testcase classname="tests.test_style_profiles" name="test_shipped_kevich_profile_leaks_no_topic_bound_proper_nouns" time="0.005" /><testcase classname="tests.test_style_prompt" name="test_prompt_embeds_samples" time="0.003" /><testcase classname="tests.test_style_prompt" name="test_prompt_embeds_metrics" time="0.002" /><testcase classname="tests.test_style_prompt" name="test_prompt_forbids_summarizing" time="0.002" /><testcase classname="tests.test_style_prompt" name="test_prompt_requires_schema" time="0.002" /><testcase classname="tests.test_style_prompt" name="test_prompt_numbered_samples" time="0.001" /><testcase classname="tests.test_style_prompt" name="test_prompt_requires_topic_neutral_generalization" time="0.001" /><testcase classname="tests.test_style_prompt" name="test_prompt_forbids_content_summaries_in_story_beats" time="0.001" /><testcase classname="tests.test_style_prompt" name="test_prompt_requires_recurring_devices" time="0.001" /><testcase classname="tests.test_style_prompt" name="test_prompt_labels_are_abstract_patterns" time="0.001" /><testcase classname="tests.test_style_prompt" name="test_prompt_embeds_structural_signals" time="0.001" /><testcase classname="tests.test_style_schema" name="test_metrics_defaults" time="0.000" /><testcase classname="tests.test_style_schema" name="test_device_example_enforces_non_negative_count" time="0.000" /><testcase classname="tests.test_style_schema" name="test_profile_extra_forbid_rejects_unknown_field" time="0.000" /><testcase classname="tests.test_style_schema" name="test_device_example_defaults" time="0.000" /><testcase classname="tests.test_style_schema" name="test_source_confidence_bounded" time="0.000" /><testcase classname="tests.test_urls" name="test_empty_text" time="0.000" /><testcase classname="tests.test_urls" name="test_no_urls" time="0.000" /><testcase classname="tests.test_urls" name="test_bare_domain_no_scheme_no_www" time="0.000" /><testcase classname="tests.test_urls" name="test_https_url" time="0.000" /><testcase classname="tests.test_urls" name="test_http_url" time="0.000" /><testcase classname="tests.test_urls" name="test_bare_www_host" time="0.000" /><testcase classname="tests.test_urls" name="test_bare_www_with_path" time="0.000" /><testcase classname="tests.test_urls" name="test_www_with_query_and_fragment" time="0.000" /><testcase classname="tests.test_urls" name="test_deduplication" time="0.000" /><testcase classname="tests.test_urls" name="test_duplicate_exact_url_deduped" time="0.000" /><testcase classname="tests.test_urls" name="test_duplicate_www_deduped" time="0.000" /><testcase classname="tests.test_urls" name="test_mixed_schemes_and_www" time="0.000" /><testcase classname="tests.test_urls" name="test_url_inside_parentheses" time="0.000" /><testcase classname="tests.test_urls" name="test_url_at_end_of_sentence" time="0.000" /><testcase classname="tests.test_urls" name="test_no_false_positive_on_ip_address" time="0.000" /><testcase classname="tests.test_urls" name="test_no_false_positive_on_email" time="0.000" /><testcase classname="tests.test_urls" name="test_instructions_with_url_and_text_preserved" time="0.000" /><testcase classname="tests.test_video_ai_generator.TestAiGeneratorName" name="test_name_returns_ai" time="0.014" /><testcase classname="tests.test_video_ai_generator.TestAiGeneratorSubmitTask" name="test_submit_returns_task_id" time="0.002" /><testcase classname="tests.test_video_ai_generator.TestAiGeneratorSubmitTask" name="test_submit_sends_correct_payload" time="0.001" /><testcase classname="tests.test_video_ai_generator.TestAiGeneratorSubmitTask" name="test_submit_error_raises" time="0.001" /><testcase classname="tests.test_video_ai_generator.TestAiGeneratorSubmitTask" name="test_submit_network_error_raises" time="0.001" /><testcase classname="tests.test_video_ai_generator.TestAiGeneratorPollTask" name="test_poll_returns_video_url_when_done" time="0.002" /><testcase classname="tests.test_video_ai_generator.TestAiGeneratorPollTask" name="test_poll_failed_task_raises" time="0.002" /><testcase classname="tests.test_video_ai_generator.TestAiGeneratorDownload" name="test_download_writes_file" time="0.004" /><testcase classname="tests.test_video_ai_generator.TestAiGeneratorGenerate" name="test_generate_with_ai_scenes" time="0.007" /><testcase classname="tests.test_video_ai_generator.TestAiGeneratorGenerate" name="test_generate_skips_non_ai_scenes" time="0.008" /><testcase classname="tests.test_video_api.TestVideoEndpoint" name="test_render_video_returns_job_status" time="0.083" /><testcase classname="tests.test_video_api.TestVideoEndpoint" name="test_render_video_job_completes_successfully" time="0.089" /><testcase classname="tests.test_video_api.TestVideoEndpoint" name="test_render_video_with_custom_voice" time="0.086" /><testcase classname="tests.test_video_api.TestVideoEndpoint" name="test_render_video_missing_story_returns_404" time="0.096" /><testcase classname="tests.test_video_api.TestVideoEndpoint" name="test_render_video_unauthenticated_returns_401" time="0.059" /><testcase classname="tests.test_video_api.TestVideoEndpoint" name="test_video_subtitles_endpoint" time="0.086" /><testcase classname="tests.test_video_hybrid_generator.TestHybridGeneratorName" name="test_name_returns_hybrid" time="0.014" /><testcase classname="tests.test_video_hybrid_generator.TestHybridGeneratorGenerate" name="test_stock_for_normal_ai_for_specific" time="0.013" /><testcase classname="tests.test_video_hybrid_generator.TestHybridGeneratorGenerate" name="test_ai_budget_respected" time="0.012" /><testcase classname="tests.test_video_hybrid_generator.TestHybridGeneratorGenerate" name="test_no_scenes_falls_back_to_stock" time="0.021" /><testcase classname="tests.test_video_script_director.TestScriptDirectorAnalyze" name="test_empty_markdown_raises" time="0.001" /><testcase classname="tests.test_video_script_director.TestScriptDirectorAnalyze" name="test_empty_whitespace_markdown_raises" time="0.000" /><testcase classname="tests.test_video_script_director.TestScriptDirectorAnalyze" name="test_llm_failure_raises_script_error" time="0.001" /><testcase classname="tests.test_video_script_director.TestScriptDirectorAnalyze" name="test_llm_empty_scenes_raises" time="0.001" /><testcase classname="tests.test_video_script_director.TestScriptDirectorAnalyze" name="test_returns_video_script_with_correct_structure" time="0.000" /><testcase classname="tests.test_video_script_director.TestScriptDirectorAnalyze" name="test_scene_fields_are_preserved" time="0.000" /><testcase classname="tests.test_video_script_director.TestScriptDirectorAnalyze" name="test_ai_scene_fields" time="0.000" /><testcase classname="tests.test_video_script_director.TestScriptDirectorAnalyze" name="test_prompt_includes_title_and_markdown" time="0.000" /><testcase classname="tests.test_video_script_director.TestScriptDirectorAnalyze" name="test_passes_script_out_schema" time="0.001" /><testcase classname="tests.test_video_script_director.TestScriptDirectorAnalyze" name="test_cancel_check_stops_execution" time="0.000" /><testcase classname="tests.test_video_stock_generator.TestStockGeneratorName" name="test_name_returns_stock" time="0.013" /><testcase classname="tests.test_video_stock_generator.TestStockGeneratorSearch" name="test_successful_search_returns_video_urls" time="0.002" /><testcase classname="tests.test_video_stock_generator.TestStockGeneratorSearch" name="test_search_sends_correct_headers" time="0.002" /><testcase classname="tests.test_video_stock_generator.TestStockGeneratorSearch" name="test_search_sends_correct_query_params" time="0.002" /><testcase classname="tests.test_video_stock_generator.TestStockGeneratorSearch" name="test_search_zero_results_returns_empty" time="0.002" /><testcase classname="tests.test_video_stock_generator.TestStockGeneratorSearch" name="test_search_http_error_raises" time="0.002" /><testcase classname="tests.test_video_stock_generator.TestStockGeneratorSearch" name="test_search_network_error_raises" time="0.001" /><testcase classname="tests.test_video_stock_generator.TestStockGeneratorSelectClip" name="test_selects_highest_resolution" time="0.013" /><testcase classname="tests.test_video_stock_generator.TestStockGeneratorSelectClip" name="test_select_returns_none_for_empty_list" time="0.013" /><testcase classname="tests.test_video_stock_generator.TestStockGeneratorDownload" name="test_download_writes_file" time="0.005" /><testcase classname="tests.test_video_stock_generator.TestStockGeneratorDownload" name="test_download_network_failure_raises" time="0.003" /><testcase classname="tests.test_video_stock_generator.TestStockGeneratorGenerate" name="test_generate_returns_video_output" time="0.006" /><testcase classname="tests.test_video_stock_generator.TestStockGeneratorGenerate" name="test_generate_empty_script_raises" time="0.016" /><testcase classname="tests.test_video_stock_generator.TestStockGeneratorGenerate" name="test_generate_no_clips_fetched_raises" time="0.008" /><testcase classname="tests.test_video_stock_generator.TestStockGeneratorGenerate" name="test_generate_skips_ai_scenes" time="0.006" /><testcase classname="tests.test_writer" name="test_build_writer_prompt_embeds_bundle_and_profile" time="0.006" /><testcase classname="tests.test_writer" name="test_build_writer_prompt_includes_word_bounds" time="0.005" /><testcase classname="tests.test_writer" name="test_build_writer_prompt_includes_structure_contract" time="0.005" /><testcase classname="tests.test_writer" name="test_build_writer_prompt_includes_paragraph_length_guidance" time="0.005" /><testcase classname="tests.test_writer" name="test_build_writer_prompt_injects_today_date" time="0.005" /><testcase classname="tests.test_writer" name="test_build_writer_prompt_defaults_to_current_date" time="0.005" /><testcase classname="tests.test_writer" name="test_build_writer_prompt_warns_against_presenting_stale_data_as_current" time="0.005" /><testcase classname="tests.test_writer" name="test_build_writer_prompt_includes_custom_instructions" time="0.005" /><testcase classname="tests.test_writer" name="test_build_writer_prompt_omits_instructions_section_when_none" time="0.005" /><testcase classname="tests.test_writer" name="test_build_writer_prompt_omits_instructions_section_when_empty" time="0.005" /><testcase classname="tests.test_writer" name="test_build_writer_prompt_omits_whitespace_only_instructions" time="0.006" /><testcase classname="tests.test_writer" name="test_build_writer_prompt_strips_instructions_whitespace" time="0.005" /><testcase classname="tests.test_writer" name="test_build_writer_prompt_omits_user_page_section_when_empty" time="0.005" /><testcase classname="tests.test_writer" name="test_build_writer_prompt_includes_user_page_text" time="0.005" /><testcase classname="tests.test_writer" name="test_build_writer_prompt_truncates_long_user_page" time="0.005" /><testcase classname="tests.test_writer" name="test_build_writer_prompt_respects_max_total_chars" time="0.005" /><testcase classname="tests.test_writer" name="test_build_writer_prompt_multiple_user_pages" time="0.007" /><testcase classname="tests.test_writer" name="test_extract_referenced_claims_none" time="0.000" /><testcase classname="tests.test_writer" name="test_strip_claim_tags_removes_tag_before_period" time="0.000" /><testcase classname="tests.test_writer" name="test_strip_claim_tags_removes_tag_mid_sentence" time="0.000" /><testcase classname="tests.test_writer" name="test_strip_claim_tags_removes_all_repeated_tags" time="0.000" /><testcase classname="tests.test_writer" name="test_strip_claim_tags_preserves_paragraph_structure" time="0.000" /><testcase classname="tests.test_writer" name="test_strip_claim_tags_noop_without_tags" time="0.000" /><testcase classname="tests.test_writer" name="test_normalize_paragraphs_leaves_existing_blank_line_paragraphs_untouched" time="0.005" /><testcase classname="tests.test_writer" name="test_normalize_paragraphs_returns_unchanged_when_empty" time="0.005" /><testcase classname="tests.test_writer" name="test_normalize_paragraphs_splits_collapsed_text_into_paragraphs" time="0.001" /><testcase classname="tests.test_writer" name="test_normalize_paragraphs_does_not_break_decimal_numbers" time="0.000" /><testcase classname="tests.test_writer" name="test_normalize_paragraphs_paces_to_profile_distribution" time="0.000" /><testcase classname="tests.test_writer" name="test_write_article_returns_draft" time="0.005" /><testcase classname="tests.test_writer" name="test_write_article_forwards_instructions" time="0.005" /><testcase classname="tests.test_writer" name="test_write_article_normalizes_collapsed_markdown" time="0.005" /><testcase classname="tests.test_writer" name="test_write_article_forwards_sampling_params" time="0.005" /><testcase classname="tests.test_writer" name="test_write_article_defaults_sampling_from_settings" time="0.005" /><testcase classname="tests.test_writer" name="test_revise_article_forwards_sampling_params" time="0.005" /><testcase classname="tests.test_writer" name="test_apply_user_edit_forwards_sampling_params" time="0.005" /><testcase classname="tests.test_writer" name="test_revise_article_normalizes_collapsed_markdown" time="0.005" /><testcase classname="tests.test_writer" name="test_build_revision_prompt_includes_draft_feedback_and_bundle" time="0.005" /><testcase classname="tests.test_writer" name="test_build_revision_prompt_allows_restructuring" time="0.005" /><testcase classname="tests.test_writer" name="test_build_revision_prompt_includes_word_bounds" time="0.005" /><testcase classname="tests.test_writer" name="test_build_revision_prompt_includes_paragraph_length_guidance" time="0.005" /><testcase classname="tests.test_writer" name="test_build_revision_prompt_injects_today_date" time="0.005" /><testcase classname="tests.test_writer" name="test_build_revision_prompt_includes_custom_instructions" time="0.007" /><testcase classname="tests.test_writer" name="test_revise_article_returns_draft" time="0.008" /><testcase classname="tests.test_writer" name="test_revise_article_forwards_instructions" time="0.008" /><testcase classname="tests.test_writer" name="test_build_user_edit_prompt_includes_markdown_instruction_and_profile" time="0.008" /><testcase classname="tests.test_writer" name="test_build_user_edit_prompt_injects_today_date" time="0.005" /><testcase classname="tests.test_writer" name="test_apply_user_edit_returns_draft_and_preserves_scope" time="0.005" /><testcase classname="tests.test_writer" name="test_apply_user_edit_normalizes_collapsed_markdown" time="0.005" /></testsuite></testsuites>